{"level":"\u001b[32minfo\u001b[39m","message":"{\"method\":\"POST\",\"url\":\"/tea\",\"status\":\"200\",\"responseTime\":\"12.172\"}","timestamp":"2025-06-18T13:20:34.293Z"}
{"level":"\u001b[32minfo\u001b[39m","message":"{\"method\":\"POST\",\"url\":\"/tea\",\"status\":\"200\",\"responseTime\":\"0.351\"}","timestamp":"2025-06-18T13:21:59.336Z"}
{"level":"\u001b[32minfo\u001b[39m","message":"{\"method\":\"POST\",\"url\":\"/tea\",\"status\":\"200\",\"responseTime\":\"0.264\"}","timestamp":"2025-06-18T13:22:02.244Z"}
{"level":"\u001b[32minfo\u001b[39m","message":"{\"method\":\"POST\",\"url\":\"/tea\",\"status\":\"200\",\"responseTime\":\"0.181\"}","timestamp":"2025-06-18T13:22:03.302Z"}
{"level":"\u001b[32minfo\u001b[39m","message":"{\"method\":\"GET\",\"url\":\"/tea\",\"status\":\"200\",\"responseTime\":\"0.423\"}","timestamp":"2025-06-18T13:22:08.431Z"}
{"level":"\u001b[32minfo\u001b[39m","message":"{\"method\":\"GET\",\"url\":\"/tea/3\",\"status\":\"200\",\"responseTime\":\"0.707\"}","timestamp":"2025-06-18T13:22:14.613Z"}
{"level":"\u001b[32minfo\u001b[39m","message":"{\"method\":\"PUT\",\"url\":\"/tea/3\",\"status\":\"200\",\"responseTime\":\"0.363\"}","timestamp":"2025-06-18T13:22:23.023Z"}
{"level":"\u001b[32minfo\u001b[39m","message":"{\"method\":\"GET\",\"url\":\"/tea\",\"status\":\"200\",\"responseTime\":\"0.372\"}","timestamp":"2025-06-18T13:22:29.435Z"}
{"level":"\u001b[32minfo\u001b[39m","message":"{\"method\":\"DELETE\",\"url\":\"/tea/2\",\"status\":\"200\",\"responseTime\":\"0.498\"}","timestamp":"2025-06-18T13:24:52.647Z"}
{"level":"\u001b[32minfo\u001b[39m","message":"{\"method\":\"GET\",\"url\":\"/tea\",\"status\":\"200\",\"responseTime\":\"0.363\"}","timestamp":"2025-06-18T13:25:04.565Z"}
{"level":"\u001b[32minfo\u001b[39m","message":"{\"method\":\"POST\",\"url\":\"/tea\",\"status\":\"200\",\"responseTime\":\"0.204\"}","timestamp":"2025-06-18T13:25:25.794Z"}
{"level":"\u001b[32minfo\u001b[39m","message":"{\"method\":\"POST\",\"url\":\"/tea\",\"status\":\"200\",\"responseTime\":\"0.252\"}","timestamp":"2025-06-18T13:25:27.032Z"}
{"level":"\u001b[32minfo\u001b[39m","message":"{\"method\":\"DELETE\",\"url\":\"/tea/6\",\"status\":\"200\",\"responseTime\":\"0.263\"}","timestamp":"2025-06-18T13:25:33.864Z"}
{"level":"\u001b[32minfo\u001b[39m","message":"{\"method\":\"GET\",\"url\":\"/tea\",\"status\":\"200\",\"responseTime\":\"0.248\"}","timestamp":"2025-06-18T13:25:41.959Z"}
{"level":"\u001b[32minfo\u001b[39m","message":"{\"method\":\"DELETE\",\"url\":\"/tea/6\",\"status\":\"200\",\"responseTime\":\"0.211\"}","timestamp":"2025-06-18T13:26:01.242Z"}
{"level":"\u001b[32minfo\u001b[39m","message":"{\"method\":\"GET\",\"url\":\"/tea\",\"status\":\"200\",\"responseTime\":\"0.270\"}","timestamp":"2025-06-18T13:26:06.348Z"}
{"level":"\u001b[32minfo\u001b[39m","message":"{\"method\":\"DELETE\",\"url\":\"/tea/6\",\"status\":\"200\",\"responseTime\":\"0.258\"}","timestamp":"2025-06-18T13:26:14.772Z"}
{"level":"\u001b[32minfo\u001b[39m","message":"{\"method\":\"GET\",\"url\":\"/tea\",\"status\":\"200\",\"responseTime\":\"0.556\"}","timestamp":"2025-06-18T13:26:20.750Z"}
{"level":"\u001b[32minfo\u001b[39m","message":"{\"method\":\"GET\",\"url\":\"/tea\",\"status\":\"200\",\"responseTime\":\"2.503\"}","timestamp":"2025-06-18T13:27:33.885Z"}
{"level":"\u001b[32minfo\u001b[39m","message":"{\"method\":\"POST\",\"url\":\"/tea\",\"status\":\"200\",\"responseTime\":\"0.354\"}","timestamp":"2025-06-18T13:27:43.025Z"}
{"level":"\u001b[32minfo\u001b[39m","message":"{\"method\":\"POST\",\"url\":\"/tea\",\"status\":\"200\",\"responseTime\":\"0.274\"}","timestamp":"2025-06-18T13:27:44.399Z"}
{"level":"\u001b[32minfo\u001b[39m","message":"{\"method\":\"POST\",\"url\":\"/tea\",\"status\":\"200\",\"responseTime\":\"0.588\"}","timestamp":"2025-06-18T13:27:45.302Z"}
{"level":"\u001b[32minfo\u001b[39m","message":"{\"method\":\"POST\",\"url\":\"/tea\",\"status\":\"200\",\"responseTime\":\"1.756\"}","timestamp":"2025-06-18T13:27:46.400Z"}
{"level":"\u001b[32minfo\u001b[39m","message":"{\"method\":\"GET\",\"url\":\"/tea\",\"status\":\"200\",\"responseTime\":\"0.331\"}","timestamp":"2025-06-18T13:27:55.392Z"}
{"level":"\u001b[32minfo\u001b[39m","message":"{\"method\":\"GET\",\"url\":\"/tea/3\",\"status\":\"200\",\"responseTime\":\"0.633\"}","timestamp":"2025-06-18T13:28:00.320Z"}
{"level":"\u001b[32minfo\u001b[39m","message":"{\"method\":\"PUT\",\"url\":\"/tea/3\",\"status\":\"200\",\"responseTime\":\"0.350\"}","timestamp":"2025-06-18T13:28:04.949Z"}
{"level":"\u001b[32minfo\u001b[39m","message":"{\"method\":\"GET\",\"url\":\"/tea\",\"status\":\"200\",\"responseTime\":\"0.711\"}","timestamp":"2025-06-18T13:28:13.872Z"}
{"level":"\u001b[32minfo\u001b[39m","message":"{\"method\":\"DELETE\",\"url\":\"/tea/3\",\"status\":\"200\",\"responseTime\":\"0.416\"}","timestamp":"2025-06-18T13:28:20.979Z"}
{"level":"\u001b[32minfo\u001b[39m","message":"{\"method\":\"GET\",\"url\":\"/tea\",\"status\":\"200\",\"responseTime\":\"0.204\"}","timestamp":"2025-06-18T13:28:33.275Z"}
{"level":"\u001b[32minfo\u001b[39m","message":"{\"method\":\"POST\",\"url\":\"/tea\",\"status\":\"200\",\"responseTime\":\"2.676\"}","timestamp":"2025-06-18T13:30:37.463Z"}
{"level":"\u001b[32minfo\u001b[39m","message":"{\"method\":\"POST\",\"url\":\"/tea\",\"status\":\"200\",\"responseTime\":\"0.343\"}","timestamp":"2025-06-18T13:30:38.558Z"}
{"level":"\u001b[32minfo\u001b[39m","message":"{\"method\":\"POST\",\"url\":\"/tea\",\"status\":\"200\",\"responseTime\":\"0.280\"}","timestamp":"2025-06-18T13:30:41.805Z"}
{"level":"\u001b[32minfo\u001b[39m","message":"{\"method\":\"POST\",\"url\":\"/tea\",\"status\":\"200\",\"responseTime\":\"0.189\"}","timestamp":"2025-06-18T13:30:42.854Z"}
{"level":"\u001b[32minfo\u001b[39m","message":"{\"method\":\"POST\",\"url\":\"/tea\",\"status\":\"200\",\"responseTime\":\"0.808\"}","timestamp":"2025-06-18T13:30:43.938Z"}
{"level":"\u001b[32minfo\u001b[39m","message":"{\"method\":\"GET\",\"url\":\"/tea\",\"status\":\"200\",\"responseTime\":\"0.434\"}","timestamp":"2025-06-18T13:30:46.705Z"}
{"level":"\u001b[32minfo\u001b[39m","message":"{\"method\":\"GET\",\"url\":\"/tea/3\",\"status\":\"200\",\"responseTime\":\"0.638\"}","timestamp":"2025-06-18T13:30:49.783Z"}
{"level":"\u001b[32minfo\u001b[39m","message":"{\"method\":\"PUT\",\"url\":\"/tea/3\",\"status\":\"200\",\"responseTime\":\"0.599\"}","timestamp":"2025-06-18T13:30:52.671Z"}
{"level":"\u001b[32minfo\u001b[39m","message":"{\"method\":\"GET\",\"url\":\"/tea\",\"status\":\"200\",\"responseTime\":\"0.306\"}","timestamp":"2025-06-18T13:30:56.410Z"}
{"level":"\u001b[32minfo\u001b[39m","message":"{\"method\":\"DELETE\",\"url\":\"/tea/3\",\"status\":\"200\",\"responseTime\":\"0.499\"}","timestamp":"2025-06-18T13:31:00.299Z"}
{"level":"\u001b[32minfo\u001b[39m","message":"{\"method\":\"GET\",\"url\":\"/tea\",\"status\":\"200\",\"responseTime\":\"0.258\"}","timestamp":"2025-06-18T13:31:04.043Z"}
